#
# A fatal error has been detected by the Java Runtime Environment:
#
#  SIGSEGV (0xb) at pc=0x00007f73c9f0d393, pid=89157, tid=89165
#
# JRE version: OpenJDK Runtime Environment (16.0.2+7) (build 16.0.2+7-67)
# Java VM: OpenJDK 64-Bit Server VM (16.0.2+7-67, mixed mode, tiered, compressed oops, compressed class ptrs, g1 gc, linux-amd64)
# Problematic frame:
# C  [libjimage.so+0x4393]  ImageStrings::find(Endian*, char const*, int*, unsigned int)+0x63
#
# Core dump will be written. Default location: Core dumps may be processed with "/usr/share/apport/apport %p %s %c %d %P %E" (or dumping to /home/danielsr/Puente/PC/1ºCFGS - Desarrollo de Aplicaciones Multiplataforma/Proyectos/Java/Tema1/core.89157)
#
# If you would like to submit a bug report, please visit:
#   https://bugreport.java.com/bugreport/crash.jsp
#

---------------  S U M M A R Y ------------

Command Line: -XX:+ShowCodeDetailsInExceptionMessages -agentlib:jdwp=transport=dt_socket,suspend=y,address=localhost:42981 -javaagent:/home/danielsr/Puente/PC/Eclipse - Linux/configuration/org.eclipse.osgi/410/0/.cp/lib/javaagent-shaded.jar -Dfile.encoding=UTF-8 jaja.Busqueda_del_tesoro

Host: Intel(R) Core(TM) i7-7700HQ CPU @ 2.80GHz, 8 cores, 7G, Ubuntu 21.10
Time: Mon Oct 25 18:30:47 2021 CEST elapsed time: 8.614964 seconds (0d 0h 0m 8s)

---------------  T H R E A D  ---------------

Current thread (0x00007f73c4024d80):  JavaThread "main" [_thread_in_vm, id=89165, stack(0x00007f73c9f2d000,0x00007f73ca02d000)]

Stack: [0x00007f73c9f2d000,0x00007f73ca02d000],  sp=0x00007f73ca02a180,  free space=1012k
Native frames: (J=compiled Java code, A=aot compiled Java code, j=interpreted, Vv=VM code, C=native code)
C  [libjimage.so+0x4393]  ImageStrings::find(Endian*, char const*, int*, unsigned int)+0x63
C  [libjimage.so+0x50de]  ImageFileReader::find_location_index(char const*, unsigned long long*) const+0x3e
C  [libjimage.so+0x55bc]  JIMAGE_FindResource+0xfc
V  [libjvm.so+0x55e431]